<?xml version="1.0" encoding="UTF-8"?>
<!-- Generated by org.testng.reporters.JUnitXMLReporter -->
<testsuite hostname="Lenovo-PC" name="login" tests="1" failures="1" timestamp="7 Jul 2019 07:50:48 GMT" time="0.025" errors="0">
  <testcase name="Login_TC1" time="0.006" classname="com.loginTests.LoginTests">
    <failure type="java.lang.NullPointerException">
      <![CDATA[java.lang.NullPointerException
	at org.openqa.selenium.support.pagefactory.DefaultElementLocator.findElement(DefaultElementLocator.java:69)
	at org.openqa.selenium.support.pagefactory.internal.LocatingElementHandler.invoke(LocatingElementHandler.java:38)
	at com.sun.proxy.$Proxy10.sendKeys(Unknown Source)
	at com.login.LoginPage.login(LoginPage.java:44)
	at com.loginTests.LoginTests.Login_TC1(LoginTests.java:34)
... Removed 25 stack frames]]>
    </failure>
  </testcase> <!-- Login_TC1 -->
</testsuite> <!-- login -->
