<?xml version="1.0" encoding="UTF-8"?>
<!-- Generated by org.testng.reporters.JUnitXMLReporter -->
<testsuite hostname="Lenovo-PC" name="regression" tests="4" failures="0" timestamp="7 Jul 2019 07:09:39 GMT" time="102.191" errors="0">
  <testcase name="NewCustomerValidation_TC1" time="7.995" classname="com.customer.NewCustomerTests"/>
  <testcase name="Login_TC1" time="21.356" classname="com.loginTests.LoginTests"/>
  <testcase name="Login_TC2" time="0.899" classname="com.loginTests.LoginTests"/>
  <testcase name="Login_TC3" time="2.089" classname="com.loginTests.LoginTests"/>
</testsuite> <!-- regression -->
