<?xml version="1.0" encoding="UTF-8"?>
<testng-results skipped="4" failed="0" total="4" passed="0">
  <reporter-output>
  </reporter-output>
  <suite name="Suite1" duration-ms="22596" started-at="2021-12-21T06:21:26Z" finished-at="2021-12-21T06:21:49Z">
    <groups>
      <group name="R2">
        <method signature="LoginTests.Login_TC2()[pri:1, instance:com.loginTests.LoginTests@20322d26]" name="Login_TC2" class="com.loginTests.LoginTests"/>
      </group> <!-- R2 -->
      <group name="R1">
        <method signature="LoginTests.Login_TC1()[pri:7, instance:com.loginTests.LoginTests@20322d26]" name="Login_TC1" class="com.loginTests.LoginTests"/>
      </group> <!-- R1 -->
    </groups>
    <test name="newCustomer" duration-ms="22596" started-at="2021-12-21T06:21:26Z" finished-at="2021-12-21T06:21:49Z">
      <class name="com.customer.NewCustomerTests">
        <test-method status="PASS" signature="readConfiguration()[pri:0, instance:com.customer.NewCustomerTests@49993335]" name="readConfiguration" is-config="true" duration-ms="1057" started-at="2021-12-21T11:51:25Z" finished-at="2021-12-21T11:51:26Z">
          <reporter-output>
          </reporter-output>
        </test-method> <!-- readConfiguration -->
        <test-method status="FAIL" signature="beforeMethod(org.testng.ITestContext)[pri:0, instance:com.customer.NewCustomerTests@49993335]" name="beforeMethod" is-config="true" duration-ms="0" started-at="2021-12-21T11:51:26Z" finished-at="2021-12-21T11:51:26Z">
          <params>
            <param index="0">
              <value>
                <![CDATA[org.testng.TestRunner@de9571c]]>
              </value>
            </param>
          </params>
          <exception class="org.openqa.selenium.remote.UnreachableBrowserException">
            <message>
              <![CDATA[Could not start a new session. Possible causes are invalid address of the remote server or browser start-up failure.
Build info: version: '3.4.0', revision: 'unknown', time: 'unknown'
System info: host: 'LENOVO-PC', ip: '192.168.99.28', os.name: 'Windows 10', os.arch: 'amd64', os.version: '10.0', java.version: '1.8.0_241'
Driver info: driver.version: RemoteWebDriver]]>
            </message>
            <full-stacktrace>
              <![CDATA[org.openqa.selenium.remote.UnreachableBrowserException: Could not start a new session. Possible causes are invalid address of the remote server or browser start-up failure.
Build info: version: '3.4.0', revision: 'unknown', time: 'unknown'
System info: host: 'LENOVO-PC', ip: '192.168.99.28', os.name: 'Windows 10', os.arch: 'amd64', os.version: '10.0', java.version: '1.8.0_241'
Driver info: driver.version: RemoteWebDriver
	at org.openqa.selenium.remote.RemoteWebDriver.execute(RemoteWebDriver.java:658)
	at org.openqa.selenium.remote.RemoteWebDriver.startSession(RemoteWebDriver.java:250)
	at org.openqa.selenium.remote.RemoteWebDriver.startSession(RemoteWebDriver.java:236)
	at org.openqa.selenium.remote.RemoteWebDriver.<init>(RemoteWebDriver.java:137)
	at org.openqa.selenium.remote.RemoteWebDriver.<init>(RemoteWebDriver.java:174)
	at base.BaseClass.beforeMethod(BaseClass.java:45)
	at sun.reflect.NativeMethodAccessorImpl.invoke0(Native Method)
	at sun.reflect.NativeMethodAccessorImpl.invoke(NativeMethodAccessorImpl.java:62)
	at sun.reflect.DelegatingMethodAccessorImpl.invoke(DelegatingMethodAccessorImpl.java:43)
	at java.lang.reflect.Method.invoke(Method.java:498)
	at org.testng.internal.MethodInvocationHelper.invokeMethod(MethodInvocationHelper.java:100)
	at org.testng.internal.Invoker.invokeConfigurationMethod(Invoker.java:515)
	at org.testng.internal.Invoker.invokeConfigurations(Invoker.java:216)
	at org.testng.internal.Invoker.invokeMethod(Invoker.java:590)
	at org.testng.internal.Invoker.invokeTestMethod(Invoker.java:811)
	at org.testng.internal.Invoker.invokeTestMethods(Invoker.java:1137)
	at org.testng.internal.TestMethodWorker.invokeTestMethods(TestMethodWorker.java:129)
	at org.testng.internal.TestMethodWorker.run(TestMethodWorker.java:112)
	at java.util.concurrent.ThreadPoolExecutor.runWorker(ThreadPoolExecutor.java:1149)
	at java.util.concurrent.ThreadPoolExecutor$Worker.run(ThreadPoolExecutor.java:624)
	at java.lang.Thread.run(Thread.java:748)
Caused by: org.apache.http.conn.HttpHostConnectException: Connect to 192.168.43.28:4444 [/192.168.43.28] failed: Connection timed out: connect
	at org.apache.http.impl.conn.DefaultHttpClientConnectionOperator.connect(DefaultHttpClientConnectionOperator.java:159)
	at org.apache.http.impl.conn.PoolingHttpClientConnectionManager.connect(PoolingHttpClientConnectionManager.java:359)
	at org.apache.http.impl.execchain.MainClientExec.establishRoute(MainClientExec.java:381)
	at org.apache.http.impl.execchain.MainClientExec.execute(MainClientExec.java:237)
	at org.apache.http.impl.execchain.ProtocolExec.execute(ProtocolExec.java:185)
	at org.apache.http.impl.execchain.RetryExec.execute(RetryExec.java:89)
	at org.apache.http.impl.execchain.RedirectExec.execute(RedirectExec.java:111)
	at org.apache.http.impl.client.InternalHttpClient.doExecute(InternalHttpClient.java:185)
	at org.apache.http.impl.client.CloseableHttpClient.execute(CloseableHttpClient.java:72)
	at org.apache.http.impl.client.CloseableHttpClient.execute(CloseableHttpClient.java:56)
	at org.openqa.selenium.remote.internal.ApacheHttpClient.fallBackExecute(ApacheHttpClient.java:139)
	at org.openqa.selenium.remote.internal.ApacheHttpClient.execute(ApacheHttpClient.java:87)
	at org.openqa.selenium.remote.ProtocolHandshake.createSession(ProtocolHandshake.java:343)
	at org.openqa.selenium.remote.ProtocolHandshake.createSession(ProtocolHandshake.java:159)
	at org.openqa.selenium.remote.HttpCommandExecutor.execute(HttpCommandExecutor.java:142)
	at org.openqa.selenium.remote.RemoteWebDriver.execute(RemoteWebDriver.java:637)
	... 20 more
Caused by: java.net.ConnectException: Connection timed out: connect
	at java.net.DualStackPlainSocketImpl.waitForConnect(Native Method)
	at java.net.DualStackPlainSocketImpl.socketConnect(DualStackPlainSocketImpl.java:85)
	at java.net.AbstractPlainSocketImpl.doConnect(AbstractPlainSocketImpl.java:350)
	at java.net.AbstractPlainSocketImpl.connectToAddress(AbstractPlainSocketImpl.java:206)
	at java.net.AbstractPlainSocketImpl.connect(AbstractPlainSocketImpl.java:188)
	at java.net.PlainSocketImpl.connect(PlainSocketImpl.java:172)
	at java.net.SocksSocketImpl.connect(SocksSocketImpl.java:392)
	at java.net.Socket.connect(Socket.java:606)
	at org.apache.http.conn.socket.PlainConnectionSocketFactory.connectSocket(PlainConnectionSocketFactory.java:75)
	at org.apache.http.impl.conn.DefaultHttpClientConnectionOperator.connect(DefaultHttpClientConnectionOperator.java:142)
	... 35 more
]]>
            </full-stacktrace>
          </exception> <!-- org.openqa.selenium.remote.UnreachableBrowserException -->
          <reporter-output>
          </reporter-output>
        </test-method> <!-- beforeMethod -->
        <test-method status="SKIP" signature="NewCustomerValidation_TC1()[pri:0, instance:com.customer.NewCustomerTests@49993335]" name="NewCustomerValidation_TC1" duration-ms="3" started-at="2021-12-21T11:51:49Z" finished-at="2021-12-21T11:51:49Z">
          <reporter-output>
          </reporter-output>
        </test-method> <!-- NewCustomerValidation_TC1 -->
        <test-method status="SKIP" signature="afterMethod()[pri:0, instance:com.customer.NewCustomerTests@49993335]" name="afterMethod" is-config="true" duration-ms="0" started-at="2021-12-21T11:51:49Z" finished-at="2021-12-21T11:51:49Z">
          <reporter-output>
          </reporter-output>
        </test-method> <!-- afterMethod -->
      </class> <!-- com.customer.NewCustomerTests -->
      <class name="com.loginTests.LoginTests">
        <test-method status="SKIP" signature="beforeMethod(org.testng.ITestContext)[pri:0, instance:com.loginTests.LoginTests@20322d26]" name="beforeMethod" is-config="true" duration-ms="0" started-at="2021-12-21T11:51:49Z" finished-at="2021-12-21T11:51:49Z">
          <reporter-output>
          </reporter-output>
        </test-method> <!-- beforeMethod -->
        <test-method status="SKIP" signature="Login_TC1()[pri:7, instance:com.loginTests.LoginTests@20322d26]" name="Login_TC1" duration-ms="1" started-at="2021-12-21T11:51:49Z" finished-at="2021-12-21T11:51:49Z">
          <reporter-output>
          </reporter-output>
        </test-method> <!-- Login_TC1 -->
        <test-method status="SKIP" signature="afterMethod()[pri:0, instance:com.loginTests.LoginTests@20322d26]" name="afterMethod" is-config="true" duration-ms="0" started-at="2021-12-21T11:51:49Z" finished-at="2021-12-21T11:51:49Z">
          <reporter-output>
          </reporter-output>
        </test-method> <!-- afterMethod -->
        <test-method status="SKIP" signature="beforeMethod(org.testng.ITestContext)[pri:0, instance:com.loginTests.LoginTests@20322d26]" name="beforeMethod" is-config="true" duration-ms="0" started-at="2021-12-21T11:51:49Z" finished-at="2021-12-21T11:51:49Z">
          <reporter-output>
          </reporter-output>
        </test-method> <!-- beforeMethod -->
        <test-method status="SKIP" signature="beforeMethod(org.testng.ITestContext)[pri:0, instance:com.loginTests.LoginTests@20322d26]" name="beforeMethod" is-config="true" duration-ms="0" started-at="2021-12-21T11:51:49Z" finished-at="2021-12-21T11:51:49Z">
          <reporter-output>
          </reporter-output>
        </test-method> <!-- beforeMethod -->
        <test-method status="SKIP" signature="Login_TC2()[pri:1, instance:com.loginTests.LoginTests@20322d26]" name="Login_TC2" duration-ms="4" started-at="2021-12-21T11:51:49Z" finished-at="2021-12-21T11:51:49Z">
          <reporter-output>
          </reporter-output>
        </test-method> <!-- Login_TC2 -->
        <test-method status="SKIP" signature="afterMethod()[pri:0, instance:com.loginTests.LoginTests@20322d26]" name="afterMethod" is-config="true" duration-ms="0" started-at="2021-12-21T11:51:49Z" finished-at="2021-12-21T11:51:49Z">
          <reporter-output>
          </reporter-output>
        </test-method> <!-- afterMethod -->
        <test-method status="SKIP" signature="Login_TC3()[pri:0, instance:com.loginTests.LoginTests@20322d26]" name="Login_TC3" duration-ms="1" started-at="2021-12-21T11:51:49Z" depends-on-methods="com.loginTests.LoginTests.Login_TC2" finished-at="2021-12-21T11:51:49Z">
          <reporter-output>
          </reporter-output>
        </test-method> <!-- Login_TC3 -->
        <test-method status="SKIP" signature="afterMethod()[pri:0, instance:com.loginTests.LoginTests@20322d26]" name="afterMethod" is-config="true" duration-ms="0" started-at="2021-12-21T11:51:49Z" finished-at="2021-12-21T11:51:49Z">
          <reporter-output>
          </reporter-output>
        </test-method> <!-- afterMethod -->
      </class> <!-- com.loginTests.LoginTests -->
    </test> <!-- newCustomer -->
  </suite> <!-- Suite1 -->
</testng-results>
